Flutter crash report; please file at https://github.com/flutter/flutter/issues.

## command

flutter attach -d 6C0AED92-4205-4775-83A9-B104674CAC29

## exception

NoSuchMethodError: NoSuchMethodError: The getter 'path' was called on null.
Receiver: null
Tried calling: path

```
#0      Object.noSuchMethod (dart:core-patch/object_patch.dart:53:5)
#1      VMService._connect (package:flutter_tools/src/vmservice.dart:325:80)
#2      VMService.connect (package:flutter_tools/src/vmservice.dart:315:21)
#3      FlutterDevice.connect.<anonymous closure> (package:flutter_tools/src/resident_runner.dart:173:35)
#4      _rootRunUnary (dart:async/zone.dart:1134:38)
#5      _CustomZone.runUnary (dart:async/zone.dart:1031:19)
#6      _CustomZone.runUnaryGuarded (dart:async/zone.dart:933:7)
#7      _BufferingStreamSubscription._sendData (dart:async/stream_impl.dart:338:11)
#8      _BufferingStreamSubscription._add (dart:async/stream_impl.dart:265:7)
#9      _SyncBroadcastStreamController._sendData (dart:async/broadcast_stream_controller.dart:377:20)
#10     _BroadcastStreamController.add (dart:async/broadcast_stream_controller.dart:252:5)
#11     _AsBroadcastStreamController.add (dart:async/broadcast_stream_controller.dart:476:11)
#12     _rootRunUnary (dart:async/zone.dart:1134:38)
#13     _CustomZone.runUnary (dart:async/zone.dart:1031:19)
#14     _CustomZone.runUnaryGuarded (dart:async/zone.dart:933:7)
#15     _BufferingStreamSubscription._sendData (dart:async/stream_impl.dart:338:11)
#16     _BufferingStreamSubscription._add (dart:async/stream_impl.dart:265:7)
#17     _SyncStreamControllerDispatch._sendData (dart:async/stream_controller.dart:766:19)
#18     _StreamController._add (dart:async/stream_controller.dart:642:7)
#19     new Stream.fromFuture.<anonymous closure> (dart:async/stream.dart:174:18)
#20     _rootRunUnary (dart:async/zone.dart:1134:38)
#21     _CustomZone.runUnary (dart:async/zone.dart:1031:19)
#22     _FutureListener.handleValue (dart:async/future_impl.dart:139:18)
#23     Future._propagateToListeners.handleValueCallback (dart:async/future_impl.dart:680:45)
#24     Future._propagateToListeners (dart:async/future_impl.dart:709:32)
#25     Future._completeWithValue (dart:async/future_impl.dart:524:5)
#26     _AsyncAwaitCompleter.complete (dart:async-patch/async_patch.dart:32:15)
#27     _completeOnAsyncReturn (dart:async-patch/async_patch.dart:290:13)
#28     MDnsObservatoryDiscovery.getObservatoryUri (package:flutter_tools/src/mdns_discovery.dart)
<asynchronous suspension>
#29     AttachCommand._attachToDevice (package:flutter_tools/src/commands/attach.dart:233:47)
<asynchronous suspension>
#30     AttachCommand.runCommand.<anonymous closure> (package:flutter_tools/src/commands/attach.dart:177:19)
#31     AppContext.run.<anonymous closure> (package:flutter_tools/src/base/context.dart:146:29)
#32     _rootRun (dart:async/zone.dart:1126:13)
#33     _CustomZone.run (dart:async/zone.dart:1023:19)
#34     _runZoned (dart:async/zone.dart:1518:10)
#35     runZoned (dart:async/zone.dart:1465:12)
#36     AppContext.run (package:flutter_tools/src/base/context.dart:145:18)
#37     AttachCommand.runCommand (package:flutter_tools/src/commands/attach.dart:176:19)
<asynchronous suspension>
#38     FlutterCommand.verifyThenRunCommand (package:flutter_tools/src/runner/flutter_command.dart:615:18)
#39     _asyncThenWrapperHelper.<anonymous closure> (dart:async-patch/async_patch.dart:73:64)
#40     _rootRunUnary (dart:async/zone.dart:1134:38)
#41     _CustomZone.runUnary (dart:async/zone.dart:1031:19)
#42     _FutureListener.handleValue (dart:async/future_impl.dart:139:18)
#43     Future._propagateToListeners.handleValueCallback (dart:async/future_impl.dart:680:45)
#44     Future._propagateToListeners (dart:async/future_impl.dart:709:32)
#45     Future._completeWithValue (dart:async/future_impl.dart:524:5)
#46     Future._asyncComplete.<anonymous closure> (dart:async/future_impl.dart:554:7)
#47     _rootRun (dart:async/zone.dart:1126:13)
#48     _CustomZone.run (dart:async/zone.dart:1023:19)
#49     _CustomZone.runGuarded (dart:async/zone.dart:925:7)
#50     _CustomZone.bindCallbackGuarded.<anonymous closure> (dart:async/zone.dart:965:23)
#51     _microtaskLoop (dart:async/schedule_microtask.dart:43:21)
#52     _startMicrotaskLoop (dart:async/schedule_microtask.dart:52:5)
#53     _runPendingImmediateCallback (dart:isolate-patch/isolate_patch.dart:118:13)
#54     _RawReceivePortImpl._handleMessage (dart:isolate-patch/isolate_patch.dart:175:5)
```

## flutter doctor

```
[32m[✓][39m Flutter (Channel master, v1.12.8-pre.17, on Mac OS X 10.14.5 18F132, locale en-PH)
    [32m•[39m Flutter version 1.12.8-pre.17 at /Users/joshuadeguzman/Documents/Tools/flutter
    [32m•[39m Framework revision 4c64b715d9 (5 hours ago), 2019-11-21 22:12:24 -0800
    [32m•[39m Engine revision 7e68097cc1
    [32m•[39m Dart version 2.7.0

[32m[✓][39m Android toolchain - develop for Android devices (Android SDK version 29.0.2)
    [32m•[39m Android SDK at /Users/joshuadeguzman/Library/Android/sdk
    [32m•[39m Android NDK location not configured (optional; useful for native profiling support)
    [32m•[39m Platform android-29, build-tools 29.0.2
    [32m•[39m ANDROID_HOME = /Users/joshuadeguzman/Library/Android/sdk
    [32m•[39m Java binary at: /Applications/Android Studio.app/Contents/jre/jdk/Contents/Home/bin/java
    [32m•[39m Java version OpenJDK Runtime Environment (build 1.8.0_152-release-1343-b01)
    [32m•[39m All Android licenses accepted.

[32m[✓][39m Xcode - develop for iOS and macOS (Xcode 10.3)
    [32m•[39m Xcode at /Applications/Xcode.app/Contents/Developer
    [32m•[39m Xcode 10.3, Build version 10G8
    [32m•[39m CocoaPods version 1.8.4

[32m[✓][39m Android Studio (version 3.4)
    [32m•[39m Android Studio at /Applications/Android Studio.app/Contents
    [32m•[39m Flutter plugin version 36.1.1
    [32m•[39m Dart plugin version 183.6270
    [32m•[39m Java version OpenJDK Runtime Environment (build 1.8.0_152-release-1343-b01)

[33m[!][39m IntelliJ IDEA Ultimate Edition (version 2019.2.3)
    [32m•[39m IntelliJ at /Applications/IntelliJ IDEA.app
    [31m✗[39m Flutter plugin not installed; this adds Flutter specific functionality.
    [31m✗[39m Dart plugin not installed; this adds Dart specific functionality.
    [32m•[39m For information about installing plugins, see
      https://flutter.dev/intellij-setup/#installing-the-plugins

[32m[✓][39m VS Code (version 1.40.1)
    [32m•[39m VS Code at /Applications/Visual Studio Code.app/Contents
    [32m•[39m Flutter extension version 3.6.0

[32m[✓][39m Connected device (2 available)
    [32m•[39m Android SDK built for x86 • emulator-5554                        • android-x86 • Android 10 (API 29) (emulator)
    [32m•[39m iPhone Xʀ                 • 6C0AED92-4205-4775-83A9-B104674CAC29 • ios         • com.apple.CoreSimulator.SimRuntime.iOS-12-4 (simulator)

[33m![39m Doctor found issues in 1 category.
```
